The system is: sh: 0: getcwd() failed: No such file or directory
Linux - sh: 0: getcwd() failed: No such file or directory
4.4.0-176-generic - sh: 0: getcwd() failed: No such file or directory
x86_64
Determining if the C compiler works passed with the following output:
Change Dir: /root/linux/myLinux/myWebServer/build/CMakeFiles/CMakeTmp

Run Build Command:"/usr/bin/make" "cmTC_0d158/fast"
/usr/bin/make -f CMakeFiles/cmTC_0d158.dir/build.make CMakeFiles/cmTC_0d158.dir/build
make[1]: Entering directory '/root/linux/myLinux/myWebServer/build/CMakeFiles/CMakeTmp'
Building C object CMakeFiles/cmTC_0d158.dir/testCCompiler.c.obj
/usr/bin/gcc-5    -o CMakeFiles/cmTC_0d158.dir/testCCompiler.c.obj   -c /root/linux/myLinux/myWebServer/build/CMakeFiles/CMakeTmp/testCCompiler.c
Linking C executable cmTC_0d158
/usr/local/bin/cmake -E cmake_link_script CMakeFiles/cmTC_0d158.dir/link.txt --verbose=1
/usr/bin/gcc-5      CMakeFiles/cmTC_0d158.dir/testCCompiler.c.obj  -o cmTC_0d158 
make[1]: Leaving directory '/root/linux/myLinux/myWebServer/build/CMakeFiles/CMakeTmp'


Detecting C compiler ABI info compiled with the following output:
Change Dir: /root/linux/myLinux/myWebServer/build/CMakeFiles/CMakeTmp

Run Build Command:"/usr/bin/make" "cmTC_4ef5e/fast"
/usr/bin/make -f CMakeFiles/cmTC_4ef5e.dir/build.make CMakeFiles/cmTC_4ef5e.dir/build
make[1]: Entering directory '/root/linux/myLinux/myWebServer/build/CMakeFiles/CMakeTmp'
Building C object CMakeFiles/cmTC_4ef5e.dir/CMakeCCompilerABI.c.obj
/usr/bin/gcc-5    -o CMakeFiles/cmTC_4ef5e.dir/CMakeCCompilerABI.c.obj   -c /usr/local/share/cmake-3.8/Modules/CMakeCCompilerABI.c
Linking C executable cmTC_4ef5e
/usr/local/bin/cmake -E cmake_link_script CMakeFiles/cmTC_4ef5e.dir/link.txt --verbose=1
/usr/bin/gcc-5      CMakeFiles/cmTC_4ef5e.dir/CMakeCCompilerABI.c.obj  -o cmTC_4ef5e 
make[1]: Leaving directory '/root/linux/myLinux/myWebServer/build/CMakeFiles/CMakeTmp'


Determining if the CXX compiler works passed with the following output:
Change Dir: /root/linux/myLinux/myWebServer/build/CMakeFiles/CMakeTmp

Run Build Command:"/usr/bin/make" "cmTC_6cdfa/fast"
/usr/bin/make -f CMakeFiles/cmTC_6cdfa.dir/build.make CMakeFiles/cmTC_6cdfa.dir/build
make[1]: Entering directory '/root/linux/myLinux/myWebServer/build/CMakeFiles/CMakeTmp'
Building CXX object CMakeFiles/cmTC_6cdfa.dir/testCXXCompiler.cxx.obj
/usr/bin/g++-5     -o CMakeFiles/cmTC_6cdfa.dir/testCXXCompiler.cxx.obj -c /root/linux/myLinux/myWebServer/build/CMakeFiles/CMakeTmp/testCXXCompiler.cxx
Linking CXX executable cmTC_6cdfa
/usr/local/bin/cmake -E cmake_link_script CMakeFiles/cmTC_6cdfa.dir/link.txt --verbose=1
/usr/bin/g++-5       CMakeFiles/cmTC_6cdfa.dir/testCXXCompiler.cxx.obj  -o cmTC_6cdfa 
make[1]: Leaving directory '/root/linux/myLinux/myWebServer/build/CMakeFiles/CMakeTmp'


Detecting CXX compiler ABI info compiled with the following output:
Change Dir: /root/linux/myLinux/myWebServer/build/CMakeFiles/CMakeTmp

Run Build Command:"/usr/bin/make" "cmTC_47c9b/fast"
/usr/bin/make -f CMakeFiles/cmTC_47c9b.dir/build.make CMakeFiles/cmTC_47c9b.dir/build
make[1]: Entering directory '/root/linux/myLinux/myWebServer/build/CMakeFiles/CMakeTmp'
Building CXX object CMakeFiles/cmTC_47c9b.dir/CMakeCXXCompilerABI.cpp.obj
/usr/bin/g++-5     -o CMakeFiles/cmTC_47c9b.dir/CMakeCXXCompilerABI.cpp.obj -c /usr/local/share/cmake-3.8/Modules/CMakeCXXCompilerABI.cpp
Linking CXX executable cmTC_47c9b
/usr/local/bin/cmake -E cmake_link_script CMakeFiles/cmTC_47c9b.dir/link.txt --verbose=1
/usr/bin/g++-5       CMakeFiles/cmTC_47c9b.dir/CMakeCXXCompilerABI.cpp.obj  -o cmTC_47c9b 
make[1]: Leaving directory '/root/linux/myLinux/myWebServer/build/CMakeFiles/CMakeTmp'


Determining if the include file pthread.h exists passed with the following output:
Change Dir: /root/linux/myLinux/myWebServer/build/CMakeFiles/CMakeTmp

Run Build Command:"/usr/bin/make" "cmTC_b8baf/fast"
/usr/bin/make -f CMakeFiles/cmTC_b8baf.dir/build.make CMakeFiles/cmTC_b8baf.dir/build
make[1]: Entering directory '/root/linux/myLinux/myWebServer/build/CMakeFiles/CMakeTmp'
Building C object CMakeFiles/cmTC_b8baf.dir/CheckIncludeFile.c.obj
/usr/bin/gcc-5    -o CMakeFiles/cmTC_b8baf.dir/CheckIncludeFile.c.obj   -c /root/linux/myLinux/myWebServer/build/CMakeFiles/CMakeTmp/CheckIncludeFile.c
Linking C executable cmTC_b8baf
/usr/local/bin/cmake -E cmake_link_script CMakeFiles/cmTC_b8baf.dir/link.txt --verbose=1
/usr/bin/gcc-5      CMakeFiles/cmTC_b8baf.dir/CheckIncludeFile.c.obj  -o cmTC_b8baf 
make[1]: Leaving directory '/root/linux/myLinux/myWebServer/build/CMakeFiles/CMakeTmp'


Determining if the function pthread_create exists in the pthread passed with the following output:
Change Dir: /root/linux/myLinux/myWebServer/build/CMakeFiles/CMakeTmp

Run Build Command:"/usr/bin/make" "cmTC_b6a0c/fast"
/usr/bin/make -f CMakeFiles/cmTC_b6a0c.dir/build.make CMakeFiles/cmTC_b6a0c.dir/build
make[1]: Entering directory '/root/linux/myLinux/myWebServer/build/CMakeFiles/CMakeTmp'
Building C object CMakeFiles/cmTC_b6a0c.dir/CheckFunctionExists.c.obj
/usr/bin/gcc-5   -DCHECK_FUNCTION_EXISTS=pthread_create   -o CMakeFiles/cmTC_b6a0c.dir/CheckFunctionExists.c.obj   -c /usr/local/share/cmake-3.8/Modules/CheckFunctionExists.c
Linking C executable cmTC_b6a0c
/usr/local/bin/cmake -E cmake_link_script CMakeFiles/cmTC_b6a0c.dir/link.txt --verbose=1
/usr/bin/gcc-5  -DCHECK_FUNCTION_EXISTS=pthread_create    CMakeFiles/cmTC_b6a0c.dir/CheckFunctionExists.c.obj  -o cmTC_b6a0c -lpthread 
make[1]: Leaving directory '/root/linux/myLinux/myWebServer/build/CMakeFiles/CMakeTmp'


