Compiling the C compiler identification source file "CMakeCCompilerId.c" failed.
Compiler: /usr/bin/gcc-5 
Build flags: 
Id flags:  

The output was:
No such file or directory


Compiling the C compiler identification source file "CMakeCCompilerId.c" failed.
Compiler: /usr/bin/gcc-5 
Build flags: 
Id flags: -c 

The output was:
No such file or directory


Compiling the C compiler identification source file "CMakeCCompilerId.c" failed.
Compiler: /usr/bin/gcc-5 
Build flags: 
Id flags: -Aa 

The output was:
No such file or directory


Compiling the C compiler identification source file "CMakeCCompilerId.c" failed.
Compiler: /usr/bin/gcc-5 
Build flags: 
Id flags: -D__CLASSIC_C__ 

The output was:
No such file or directory


Checking whether the C compiler is IAR using "" did not match "IAR .+ Compiler":
Compiling the CXX compiler identification source file "CMakeCXXCompilerId.cpp" failed.
Compiler: /usr/bin/g++-5 
Build flags: 
Id flags:  

The output was:
No such file or directory


Compiling the CXX compiler identification source file "CMakeCXXCompilerId.cpp" failed.
Compiler: /usr/bin/g++-5 
Build flags: 
Id flags: -c 

The output was:
No such file or directory


Checking whether the CXX compiler is IAR using "" did not match "IAR .+ Compiler":
Determining if the pthread_create exist failed with the following output:
Change Dir: /root/linux/myLinux/myWebServer/build/CMakeFiles/CMakeTmp

Run Build Command:"/usr/bin/make" "cmTC_7c3e2/fast"
/usr/bin/make -f CMakeFiles/cmTC_7c3e2.dir/build.make CMakeFiles/cmTC_7c3e2.dir/build
make[1]: Entering directory '/root/linux/myLinux/myWebServer/build/CMakeFiles/CMakeTmp'
Building C object CMakeFiles/cmTC_7c3e2.dir/CheckSymbolExists.c.obj
/usr/bin/gcc-5    -o CMakeFiles/cmTC_7c3e2.dir/CheckSymbolExists.c.obj   -c /root/linux/myLinux/myWebServer/build/CMakeFiles/CMakeTmp/CheckSymbolExists.c
Linking C executable cmTC_7c3e2
/usr/local/bin/cmake -E cmake_link_script CMakeFiles/cmTC_7c3e2.dir/link.txt --verbose=1
/usr/bin/gcc-5      CMakeFiles/cmTC_7c3e2.dir/CheckSymbolExists.c.obj  -o cmTC_7c3e2 
CMakeFiles/cmTC_7c3e2.dir/CheckSymbolExists.c.obj: In function `main':
CheckSymbolExists.c:(.text+0x16): undefined reference to `pthread_create'
collect2: error: ld returned 1 exit status
CMakeFiles/cmTC_7c3e2.dir/build.make:97: recipe for target 'cmTC_7c3e2' failed
make[1]: *** [cmTC_7c3e2] Error 1
make[1]: Leaving directory '/root/linux/myLinux/myWebServer/build/CMakeFiles/CMakeTmp'
Makefile:126: recipe for target 'cmTC_7c3e2/fast' failed
make: *** [cmTC_7c3e2/fast] Error 2

File /root/linux/myLinux/myWebServer/build/CMakeFiles/CMakeTmp/CheckSymbolExists.c:
/* */
#include <pthread.h>

int main(int argc, char** argv)
{
  (void)argv;
#ifndef pthread_create
  return ((int*)(&pthread_create))[argc];
#else
  (void)argc;
  return 0;
#endif
}

Determining if the function pthread_create exists in the pthreads failed with the following output:
Change Dir: /root/linux/myLinux/myWebServer/build/CMakeFiles/CMakeTmp

Run Build Command:"/usr/bin/make" "cmTC_531cc/fast"
/usr/bin/make -f CMakeFiles/cmTC_531cc.dir/build.make CMakeFiles/cmTC_531cc.dir/build
make[1]: Entering directory '/root/linux/myLinux/myWebServer/build/CMakeFiles/CMakeTmp'
Building C object CMakeFiles/cmTC_531cc.dir/CheckFunctionExists.c.obj
/usr/bin/gcc-5   -DCHECK_FUNCTION_EXISTS=pthread_create   -o CMakeFiles/cmTC_531cc.dir/CheckFunctionExists.c.obj   -c /usr/local/share/cmake-3.8/Modules/CheckFunctionExists.c
Linking C executable cmTC_531cc
/usr/local/bin/cmake -E cmake_link_script CMakeFiles/cmTC_531cc.dir/link.txt --verbose=1
/usr/bin/gcc-5  -DCHECK_FUNCTION_EXISTS=pthread_create    CMakeFiles/cmTC_531cc.dir/CheckFunctionExists.c.obj  -o cmTC_531cc -lpthreads 
/usr/bin/ld: cannot find -lpthreads
collect2: error: ld returned 1 exit status
CMakeFiles/cmTC_531cc.dir/build.make:97: recipe for target 'cmTC_531cc' failed
make[1]: *** [cmTC_531cc] Error 1
make[1]: Leaving directory '/root/linux/myLinux/myWebServer/build/CMakeFiles/CMakeTmp'
Makefile:126: recipe for target 'cmTC_531cc/fast' failed
make: *** [cmTC_531cc/fast] Error 2


